[INFO ] 2022-07-23 17:39:49.384 [main] BaseTest - Test Baþlatýldý
[INFO ] 2022-07-23 17:39:54.858 [main] BaseTest - Girilen internet sitesi https://www.kitapyurdu.com/
[INFO ] 2022-07-23 17:42:11.633 [main] BaseTest - Test Baþlatýldý
[INFO ] 2022-07-23 17:42:17.354 [main] BaseTest - Girilen internet sitesi https://www.kitapyurdu.com/
[INFO ] 2022-07-23 17:45:33.028 [main] BaseTest - TEST START
[INFO ] 2022-07-23 17:45:38.515 [main] BaseTest - Entered website: https://www.kitapyurdu.com/
[INFO ] 2022-07-23 17:45:44.360 [main] BaseTest - TEST FINISH
[INFO ] 2022-07-23 17:56:03.892 [main] BaseTest - TEST START
[INFO ] 2022-07-23 17:56:09.535 [main] BaseTest - Entered website: https://www.kitapyurdu.com/
[INFO ] 2022-07-23 17:56:15.336 [main] BaseTest - TEST FINISH
[INFO ] 2022-07-23 18:09:02.984 [main] BaseTest - TEST START
[INFO ] 2022-07-23 18:09:08.505 [main] BaseTest - Entered website: https://www.kitapyurdu.com/
[INFO ] 2022-07-23 18:09:10.965 [main] BaseTest - TEST FINISH
[INFO ] 2022-07-23 18:09:20.577 [main] BaseTest - TEST START
[INFO ] 2022-07-23 18:09:25.961 [main] BaseTest - Entered website: https://www.kitapyurdu.com/
[INFO ] 2022-07-23 18:09:28.579 [main] BaseTest - TEST FINISH
[INFO ] 2022-07-23 18:10:17.864 [main] BaseTest - TEST START
[INFO ] 2022-07-23 18:10:23.380 [main] BaseTest - Entered website: https://www.kitapyurdu.com/
[INFO ] 2022-07-23 18:10:26.117 [main] BaseTest - TEST FINISH
[INFO ] 2022-07-23 18:11:33.632 [main] BaseTest - TEST START
[INFO ] 2022-07-23 18:11:39.131 [main] BaseTest - Entered website: https://www.kitapyurdu.com/
[INFO ] 2022-07-23 18:11:44.899 [main] BaseTest - TEST FINISH
[INFO ] 2022-07-23 18:12:04.540 [main] BaseTest - TEST START
[INFO ] 2022-07-23 18:12:10.090 [main] BaseTest - Entered website: https://www.kitapyurdu.com/
[INFO ] 2022-07-23 18:12:15.973 [main] BaseTest - TEST FINISH
[INFO ] 2022-07-23 18:12:23.413 [main] BaseTest - TEST START
[INFO ] 2022-07-23 18:12:28.797 [main] BaseTest - Entered website: https://www.kitapyurdu.com/
[INFO ] 2022-07-23 18:12:31.239 [main] BaseTest - TEST FINISH
[INFO ] 2022-07-23 18:12:50.977 [main] BaseTest - TEST START
[INFO ] 2022-07-23 18:12:56.530 [main] BaseTest - Entered website: https://www.kitapyurdu.com/
[INFO ] 2022-07-23 18:13:02.455 [main] BaseTest - TEST FINISH
[INFO ] 2022-07-23 18:13:14.408 [main] BaseTest - TEST START
[INFO ] 2022-07-23 18:13:19.753 [main] BaseTest - Entered website: https://www.kitapyurdu.com/
[INFO ] 2022-07-23 18:13:22.236 [main] BaseTest - TEST FINISH
[INFO ] 2022-07-23 18:13:34.593 [main] BaseTest - TEST START
[INFO ] 2022-07-23 18:13:39.963 [main] BaseTest - Entered website: https://www.kitapyurdu.com/
[INFO ] 2022-07-23 18:13:45.782 [main] BaseTest - TEST FINISH
[INFO ] 2022-07-23 18:13:59.448 [main] BaseTest - TEST START
[INFO ] 2022-07-23 18:14:04.888 [main] BaseTest - Entered website: https://www.kitapyurdu.com/
[INFO ] 2022-07-23 18:14:10.959 [main] BaseTest - TEST FINISH
[INFO ] 2022-07-23 18:16:45.257 [main] BaseTest - TEST START
[INFO ] 2022-07-23 18:16:50.913 [main] BaseTest - Entered website: https://www.kitapyurdu.com/
[INFO ] 2022-07-23 18:16:53.415 [main] BaseTest - TEST FINISH
[INFO ] 2022-07-23 18:17:11.811 [main] BaseTest - TEST START
[INFO ] 2022-07-23 18:17:19.299 [main] BaseTest - Entered website: https://www.kitapyurdu.com/
[INFO ] 2022-07-23 18:17:21.898 [main] BaseTest - TEST FINISH
[INFO ] 2022-07-23 18:17:34.003 [main] BaseTest - TEST START
[INFO ] 2022-07-23 18:17:39.544 [main] BaseTest - Entered website: https://www.kitapyurdu.com/
[INFO ] 2022-07-23 18:17:42.085 [main] BaseTest - TEST FINISH
[INFO ] 2022-07-23 18:18:16.527 [main] BaseTest - TEST START
[INFO ] 2022-07-23 18:18:22.004 [main] BaseTest - Entered website: https://www.kitapyurdu.com/
[INFO ] 2022-07-23 18:18:28.274 [main] BaseTest - TEST FINISH
[INFO ] 2022-07-23 18:18:44.629 [main] BaseTest - TEST START
[INFO ] 2022-07-23 18:18:50.162 [main] BaseTest - Entered website: https://www.kitapyurdu.com/
[INFO ] 2022-07-23 18:18:56.454 [main] BaseTest - TEST FINISH
[INFO ] 2022-07-23 18:20:23.276 [main] BaseTest - TEST START
[INFO ] 2022-07-23 18:20:28.817 [main] BaseTest - Entered website: https://www.kitapyurdu.com/
[INFO ] 2022-07-23 18:20:40.060 [main] BaseTest - TEST FINISH
[INFO ] 2022-07-23 18:21:14.420 [main] BaseTest - TEST START
[INFO ] 2022-07-23 18:21:20.553 [main] BaseTest - Entered website: https://www.kitapyurdu.com/
[INFO ] 2022-07-23 18:21:37.224 [main] BaseTest - TEST FINISH
[INFO ] 2022-07-23 18:21:46.424 [main] BaseTest - TEST START
[INFO ] 2022-07-23 18:21:51.776 [main] BaseTest - Entered website: https://www.kitapyurdu.com/
[INFO ] 2022-07-23 18:22:08.218 [main] BaseTest - TEST FINISH
[INFO ] 2022-07-23 18:25:01.837 [main] BaseTest - TEST START
[INFO ] 2022-07-23 18:25:07.302 [main] BaseTest - Entered website: https://www.kitapyurdu.com/
[INFO ] 2022-07-23 18:25:23.950 [main] BaseTest - TEST FINISH
[INFO ] 2022-07-23 18:25:37.234 [main] BaseTest - TEST START
[INFO ] 2022-07-23 18:25:43.067 [main] BaseTest - Entered website: https://www.kitapyurdu.com/
[INFO ] 2022-07-23 18:25:59.781 [main] BaseTest - TEST FINISH
[INFO ] 2022-07-23 18:27:15.119 [main] BaseTest - TEST START
[INFO ] 2022-07-23 18:27:20.634 [main] BaseTest - Entered website: https://www.kitapyurdu.com/
[INFO ] 2022-07-23 18:27:37.302 [main] BaseTest - TEST FINISH
[INFO ] 2022-07-23 18:29:23.493 [main] BaseTest - TEST START
[INFO ] 2022-07-23 18:29:29.043 [main] BaseTest - Entered website: https://www.kitapyurdu.com/
[INFO ] 2022-07-23 18:29:46.282 [main] BaseTest - TEST FINISH
[INFO ] 2022-07-23 18:30:17.616 [main] BaseTest - TEST START
[INFO ] 2022-07-23 18:30:23.090 [main] BaseTest - Entered website: https://www.kitapyurdu.com/
[INFO ] 2022-07-23 18:30:44.313 [main] BaseTest - TEST FINISH
[INFO ] 2022-07-23 18:31:08.307 [main] BaseTest - TEST START
[INFO ] 2022-07-23 18:31:13.677 [main] BaseTest - Entered website: https://www.kitapyurdu.com/
[INFO ] 2022-07-23 18:31:35.125 [main] BaseTest - TEST FINISH
[INFO ] 2022-07-23 18:34:20.687 [main] BaseTest - TEST START
[INFO ] 2022-07-23 18:34:26.258 [main] BaseTest - Entered website: https://www.kitapyurdu.com/
[INFO ] 2022-07-23 18:34:47.962 [main] BaseTest - TEST FINISH
[INFO ] 2022-07-23 18:35:23.287 [main] BaseTest - TEST START
[INFO ] 2022-07-23 18:35:28.762 [main] BaseTest - Entered website: https://www.kitapyurdu.com/
[INFO ] 2022-07-23 18:35:45.446 [main] BaseTest - TEST FINISH
[INFO ] 2022-07-23 18:36:02.447 [main] BaseTest - TEST START
[INFO ] 2022-07-23 18:36:07.982 [main] BaseTest - Entered website: https://www.kitapyurdu.com/
[INFO ] 2022-07-23 18:36:24.650 [main] BaseTest - TEST FINISH
[INFO ] 2022-07-23 18:36:49.089 [main] BaseTest - TEST START
[INFO ] 2022-07-23 18:36:54.742 [main] BaseTest - Entered website: https://www.kitapyurdu.com/
[INFO ] 2022-07-23 18:37:11.619 [main] BaseTest - TEST FINISH
[INFO ] 2022-07-23 18:37:40.591 [main] BaseTest - TEST START
[INFO ] 2022-07-23 18:37:46.062 [main] BaseTest - Entered website: https://www.kitapyurdu.com/
[INFO ] 2022-07-23 18:37:59.808 [main] BaseTest - TEST FINISH
[INFO ] 2022-07-23 18:38:09.008 [main] BaseTest - TEST START
[INFO ] 2022-07-23 18:38:14.752 [main] BaseTest - Entered website: https://www.kitapyurdu.com/
[INFO ] 2022-07-23 18:38:28.544 [main] BaseTest - TEST FINISH
[INFO ] 2022-07-23 18:38:34.691 [main] BaseTest - TEST START
[INFO ] 2022-07-23 18:38:40.172 [main] BaseTest - Entered website: https://www.kitapyurdu.com/
[INFO ] 2022-07-23 18:38:53.939 [main] BaseTest - TEST FINISH
[INFO ] 2022-07-23 18:38:59.105 [main] BaseTest - TEST START
[INFO ] 2022-07-23 18:39:04.667 [main] BaseTest - Entered website: https://www.kitapyurdu.com/
[INFO ] 2022-07-23 18:39:18.251 [main] BaseTest - TEST FINISH
[INFO ] 2022-07-23 18:39:23.039 [main] BaseTest - TEST START
[INFO ] 2022-07-23 18:39:28.487 [main] BaseTest - Entered website: https://www.kitapyurdu.com/
[INFO ] 2022-07-23 18:39:42.161 [main] BaseTest - TEST FINISH
[INFO ] 2022-07-23 18:39:52.470 [main] BaseTest - TEST START
[INFO ] 2022-07-23 18:39:57.837 [main] BaseTest - Entered website: https://www.kitapyurdu.com/
[INFO ] 2022-07-23 18:40:11.445 [main] BaseTest - TEST FINISH
[INFO ] 2022-07-23 18:40:14.432 [main] BaseTest - TEST START
[INFO ] 2022-07-23 18:40:19.933 [main] BaseTest - Entered website: https://www.kitapyurdu.com/
[INFO ] 2022-07-23 18:40:33.558 [main] BaseTest - TEST FINISH
[INFO ] 2022-07-23 18:40:44.908 [main] BaseTest - TEST START
[INFO ] 2022-07-23 18:40:50.491 [main] BaseTest - Entered website: https://www.kitapyurdu.com/
[INFO ] 2022-07-23 18:41:04.193 [main] BaseTest - TEST FINISH
[INFO ] 2022-07-23 18:41:58.022 [main] BaseTest - TEST START
[INFO ] 2022-07-23 18:42:03.913 [main] BaseTest - Entered website: https://www.kitapyurdu.com/
[INFO ] 2022-07-23 18:42:15.458 [main] BaseTest - TEST FINISH
[INFO ] 2022-07-23 18:42:18.490 [main] BaseTest - TEST START
[INFO ] 2022-07-23 18:42:23.958 [main] BaseTest - Entered website: https://www.kitapyurdu.com/
[INFO ] 2022-07-23 18:42:35.583 [main] BaseTest - TEST FINISH
[INFO ] 2022-07-23 18:42:42.291 [main] BaseTest - TEST START
[INFO ] 2022-07-23 18:42:47.895 [main] BaseTest - Entered website: https://www.kitapyurdu.com/
[INFO ] 2022-07-23 18:42:59.579 [main] BaseTest - TEST FINISH
[INFO ] 2022-07-23 18:43:03.925 [main] BaseTest - TEST START
[INFO ] 2022-07-23 18:43:09.325 [main] BaseTest - Entered website: https://www.kitapyurdu.com/
[INFO ] 2022-07-23 18:43:21.053 [main] BaseTest - TEST FINISH
[INFO ] 2022-07-23 18:43:25.878 [main] BaseTest - TEST START
[INFO ] 2022-07-23 18:43:31.508 [main] BaseTest - Entered website: https://www.kitapyurdu.com/
[INFO ] 2022-07-23 18:43:43.016 [main] BaseTest - TEST FINISH
[INFO ] 2022-07-23 18:43:49.298 [main] BaseTest - TEST START
[INFO ] 2022-07-23 18:43:54.775 [main] BaseTest - Entered website: https://www.kitapyurdu.com/
[INFO ] 2022-07-23 18:44:06.459 [main] BaseTest - TEST FINISH
[INFO ] 2022-07-23 18:44:11.803 [main] BaseTest - TEST START
[INFO ] 2022-07-23 18:44:17.155 [main] BaseTest - Entered website: https://www.kitapyurdu.com/
[INFO ] 2022-07-23 18:44:28.712 [main] BaseTest - TEST FINISH
[INFO ] 2022-07-23 18:44:35.853 [main] BaseTest - TEST START
[INFO ] 2022-07-23 18:44:41.276 [main] BaseTest - Entered website: https://www.kitapyurdu.com/
[INFO ] 2022-07-23 18:44:52.866 [main] BaseTest - TEST FINISH
[INFO ] 2022-07-23 18:46:41.261 [main] BaseTest - TEST START
[INFO ] 2022-07-23 18:46:46.845 [main] BaseTest - Entered website: https://www.kitapyurdu.com/
[INFO ] 2022-07-23 18:46:58.617 [main] BaseTest - TEST FINISH
[INFO ] 2022-07-23 18:47:07.653 [main] BaseTest - TEST START
[INFO ] 2022-07-23 18:47:13.046 [main] BaseTest - Entered website: https://www.kitapyurdu.com/
[INFO ] 2022-07-23 18:47:24.607 [main] BaseTest - TEST FINISH
[INFO ] 2022-07-23 18:47:27.653 [main] BaseTest - TEST START
[INFO ] 2022-07-23 18:47:33.117 [main] BaseTest - Entered website: https://www.kitapyurdu.com/
[INFO ] 2022-07-23 18:47:44.729 [main] BaseTest - TEST FINISH
[INFO ] 2022-07-23 18:48:44.575 [main] BaseTest - TEST START
[INFO ] 2022-07-23 18:48:50.098 [main] BaseTest - Entered website: https://www.kitapyurdu.com/
[INFO ] 2022-07-23 18:49:01.768 [main] BaseTest - TEST FINISH
[INFO ] 2022-07-23 18:49:06.137 [main] BaseTest - TEST START
[INFO ] 2022-07-23 18:49:11.513 [main] BaseTest - Entered website: https://www.kitapyurdu.com/
[INFO ] 2022-07-23 18:49:25.759 [main] BaseTest - TEST FINISH
[INFO ] 2022-07-23 18:50:41.296 [main] BaseTest - TEST START
[INFO ] 2022-07-23 18:50:46.924 [main] BaseTest - Entered website: https://www.kitapyurdu.com/
[INFO ] 2022-07-23 18:50:58.485 [main] BaseTest - TEST FINISH
[INFO ] 2022-07-23 18:51:03.452 [main] BaseTest - TEST START
[INFO ] 2022-07-23 18:51:08.973 [main] BaseTest - Entered website: https://www.kitapyurdu.com/
[INFO ] 2022-07-23 18:51:20.649 [main] BaseTest - TEST FINISH
[INFO ] 2022-07-23 18:51:24.768 [main] BaseTest - TEST START
[INFO ] 2022-07-23 18:51:30.276 [main] BaseTest - Entered website: https://www.kitapyurdu.com/
[INFO ] 2022-07-23 18:51:41.893 [main] BaseTest - TEST FINISH
[INFO ] 2022-07-23 18:51:47.549 [main] BaseTest - TEST START
[INFO ] 2022-07-23 18:51:52.944 [main] BaseTest - Entered website: https://www.kitapyurdu.com/
[INFO ] 2022-07-23 18:52:04.612 [main] BaseTest - TEST FINISH
[INFO ] 2022-07-23 18:52:12.174 [main] BaseTest - TEST START
[INFO ] 2022-07-23 18:52:17.846 [main] BaseTest - Entered website: https://www.kitapyurdu.com/
[INFO ] 2022-07-23 18:52:29.385 [main] BaseTest - TEST FINISH
[INFO ] 2022-07-23 18:52:32.589 [main] BaseTest - TEST START
[INFO ] 2022-07-23 18:52:38.087 [main] BaseTest - Entered website: https://www.kitapyurdu.com/
[INFO ] 2022-07-23 18:52:49.737 [main] BaseTest - TEST FINISH
[INFO ] 2022-07-23 18:53:53.506 [main] BaseTest - TEST START
[INFO ] 2022-07-23 18:53:58.982 [main] BaseTest - Entered website: https://www.kitapyurdu.com/
[INFO ] 2022-07-23 18:54:11.252 [main] BaseTest - TEST FINISH
[INFO ] 2022-07-23 18:55:16.134 [main] BaseTest - TEST START
[INFO ] 2022-07-23 18:55:21.655 [main] BaseTest - Entered website: https://www.kitapyurdu.com/
[INFO ] 2022-07-23 18:55:33.185 [main] BaseTest - TEST FINISH
[INFO ] 2022-07-23 18:57:34.194 [main] BaseTest - TEST START
[INFO ] 2022-07-23 18:57:39.581 [main] BaseTest - Entered website: https://www.kitapyurdu.com/
[INFO ] 2022-07-23 18:57:51.505 [main] BaseTest - TEST FINISH
[INFO ] 2022-07-23 19:01:57.748 [main] BaseTest - TEST START
[INFO ] 2022-07-23 19:02:03.287 [main] BaseTest - Entered website: https://www.kitapyurdu.com/
[INFO ] 2022-07-23 19:02:15.019 [main] BaseTest - TEST FINISH
[INFO ] 2022-07-23 19:03:07.610 [main] BaseTest - TEST START
[INFO ] 2022-07-23 19:03:13.060 [main] BaseTest - Entered website: https://www.kitapyurdu.com/
[INFO ] 2022-07-23 19:03:24.643 [main] BaseTest - TEST FINISH
[INFO ] 2022-07-23 19:08:38.277 [main] BaseTest - TEST START
[INFO ] 2022-07-23 19:09:29.835 [main] BaseTest - TEST FINISH
[INFO ] 2022-07-23 19:09:32.683 [main] BaseTest - TEST START
[INFO ] 2022-07-23 19:10:04.290 [main] BaseTest - Entered website: https://www.kitapyurdu.com/
[INFO ] 2022-07-23 19:10:36.698 [main] BaseTest - TEST FINISH
[INFO ] 2022-07-23 19:11:54.265 [main] BaseTest - TEST START
[INFO ] 2022-07-23 19:11:59.773 [main] BaseTest - Entered website: https://www.kitapyurdu.com/
[INFO ] 2022-07-23 19:12:11.420 [main] BaseTest - TEST FINISH
[INFO ] 2022-07-23 19:15:06.246 [main] BaseTest - TEST START
[INFO ] 2022-07-23 19:15:11.731 [main] BaseTest - Entered website: https://www.kitapyurdu.com/
[INFO ] 2022-07-23 19:15:23.427 [main] BaseTest - TEST FINISH
[INFO ] 2022-07-23 19:15:59.220 [main] BaseTest - TEST START
[INFO ] 2022-07-23 19:16:04.641 [main] BaseTest - Entered website: https://www.kitapyurdu.com/
[INFO ] 2022-07-23 19:16:16.260 [main] BaseTest - TEST FINISH
[INFO ] 2022-07-23 19:17:11.915 [main] BaseTest - TEST START
[INFO ] 2022-07-23 19:17:20.208 [main] BaseTest - Entered website: https://www.kitapyurdu.com/
[INFO ] 2022-07-23 19:17:34.163 [main] BaseTest - TEST FINISH
[INFO ] 2022-07-23 19:21:21.221 [main] BaseTest - TEST START
[INFO ] 2022-07-23 19:21:32.825 [main] BaseTest - Entered website: https://www.kitapyurdu.com/
[INFO ] 2022-07-23 19:21:44.635 [main] BaseTest - TEST FINISH
[INFO ] 2022-07-23 19:45:55.148 [main] BaseTest - TEST START
[INFO ] 2022-07-23 19:46:00.704 [main] BaseTest - Entered website: https://www.kitapyurdu.com/
[INFO ] 2022-07-23 19:46:12.662 [main] BaseTest - TEST FINISH
[INFO ] 2022-07-23 19:46:50.767 [main] BaseTest - TEST START
[INFO ] 2022-07-23 19:46:56.231 [main] BaseTest - Entered website: https://www.kitapyurdu.com/
[INFO ] 2022-07-23 19:46:58.903 [main] BaseTest - TEST FINISH
[INFO ] 2022-07-23 19:47:36.603 [main] BaseTest - TEST START
[INFO ] 2022-07-23 19:47:42.146 [main] BaseTest - Entered website: https://www.kitapyurdu.com/
[INFO ] 2022-07-23 19:47:53.718 [main] BaseTest - TEST FINISH
[INFO ] 2022-07-23 19:55:13.919 [main] BaseTest - TEST START
[INFO ] 2022-07-23 19:55:19.348 [main] BaseTest - Entered website: https://www.kitapyurdu.com/
[INFO ] 2022-07-23 19:55:30.915 [main] BaseTest - TEST FINISH
[INFO ] 2022-07-23 20:01:29.764 [main] BaseTest - TEST START
[INFO ] 2022-07-23 20:01:35.293 [main] BaseTest - Entered website: https://www.kitapyurdu.com/
[INFO ] 2022-07-23 20:01:47.286 [main] BaseTest - TEST FINISH
[INFO ] 2022-07-23 20:10:40.168 [main] BaseTest - TEST START
[INFO ] 2022-07-23 20:10:45.849 [main] BaseTest - Entered website: https://www.kitapyurdu.com/
[INFO ] 2022-07-23 20:10:57.428 [main] BaseTest - TEST FINISH
[INFO ] 2022-07-23 20:16:47.522 [main] BaseTest - TEST START
[INFO ] 2022-07-23 20:16:53.082 [main] BaseTest - Entered website: https://www.kitapyurdu.com/
[INFO ] 2022-07-23 20:17:04.626 [main] BaseTest - TEST FINISH
[INFO ] 2022-07-23 20:18:44.870 [main] BaseTest - TEST START
[INFO ] 2022-07-23 20:18:50.344 [main] BaseTest - Entered website: https://www.kitapyurdu.com/
[INFO ] 2022-07-23 20:19:01.976 [main] BaseTest - TEST FINISH
[INFO ] 2022-07-23 20:24:26.126 [main] BaseTest - TEST START
[INFO ] 2022-07-23 20:24:31.660 [main] BaseTest - Entered website: https://www.kitapyurdu.com/
[INFO ] 2022-07-23 20:24:43.402 [main] BaseTest - TEST FINISH
[INFO ] 2022-07-23 20:34:38.003 [main] BaseTest - TEST START
[INFO ] 2022-07-23 20:34:43.639 [main] BaseTest - Entered website: https://www.kitapyurdu.com/
[INFO ] 2022-07-23 20:34:56.797 [main] BaseTest - TEST FINISH
[INFO ] 2022-07-23 20:39:35.980 [main] HomePage - Home page loaded SUCCESSFULLY
[INFO ] 2022-07-23 20:39:35.990 [main] CSV_Read - The word read from csv file is: roman
[INFO ] 2022-07-23 20:39:36.756 [main] SearchBox - Pressed Enter button.
[INFO ] 2022-07-23 20:39:36.789 [main] ProductsPage - Selected book: Uzun Roman Mehmed Uzun Portresi
[INFO ] 2022-07-23 20:39:41.836 [main] ProductDetailPage - Clicked on the cart button.
[INFO ] 2022-07-23 20:39:43.855 [main] HomePage - Card count checked
[INFO ] 2022-07-23 20:39:43.886 [main] HomePage - Clicked cart button.
[INFO ] 2022-07-23 20:39:44.804 [main] HomePage - Clicked to cart for inside of the cart page
[INFO ] 2022-07-23 20:39:45.386 [main] CartPage - Product quantity is increased
[INFO ] 2022-07-23 20:39:45.724 [main] CartPage - Refresh button clicked
[INFO ] 2022-07-23 20:39:45.744 [main] CartPage - Cart updated SUCCESSFULLY
[INFO ] 2022-07-23 20:39:47.755 [main] CartPage - Assortment of products in the cart before remove: 1
[INFO ] 2022-07-23 20:39:47.787 [main] CartPage - Assortment of products in the cart after remove: 0
[INFO ] 2022-07-23 20:39:47.791 [main] CartPage - Cart is empty
